[INFO] 21:17:15:626 TP0/(40580:40580): Soy un Log
[INFO] 21:27:57:417 TP0/(41060:41060): Soy un Log
[INFO] 21:28:47:194 TP0/(41084:41084): Soy un Log
[INFO] 21:29:16:717 TP0/(41105:41105): Soy un Log
[INFO] 21:34:58:467 TP0/(41709:41709): Soy un Log
[INFO] 21:49:40:344 TP0/(41795:41795): Soy un Log
[INFO] 22:03:51:079 TP0/(41935:41935): Soy un Log
[INFO] 22:07:11:053 TP0/(42042:42042): Soy un Log
[INFO] 22:08:40:599 TP0/(42128:42128): Soy un Log
[INFO] 22:08:44:264 TP0/(42128:42128): HOLA
[INFO] 22:13:00:788 TP0/(42236:42236): Soy un Log
[INFO] 22:13:04:044 TP0/(42236:42236): HOLA
[INFO] 22:13:05:851 TP0/(42236:42236): HOLA
[INFO] 22:13:07:364 TP0/(42236:42236): COMO
[INFO] 22:13:09:068 TP0/(42236:42236): ESTAS
[INFO] 22:13:17:114 TP0/(42236:42236): todo bien?
[INFO] 22:15:19:722 TP0/(42509:42509): Soy un Log
[INFO] 22:16:59:380 TP0/(42564:42564): Soy un Log
[INFO] 22:18:20:842 TP0/(42622:42622): Soy un Log
[INFO] 22:38:27:274 TP0/(42724:42724): Soy un Log
[INFO] 22:43:18:913 TP0/(42764:42764): Soy un Log
[INFO] 22:44:00:482 TP0/(42797:42797): Soy un Log
[INFO] 22:45:10:749 TP0/(42840:42840): Soy un Log
[INFO] 22:47:16:437 TP0/(42936:42936): Soy un Log
[INFO] 22:47:49:103 TP0/(42982:42982): Soy un Log
[INFO] 22:47:49:103 TP0/(42982:42982): Soy un Log
[INFO] 22:48:13:869 TP0/(43023:43023): Soy un Log
[INFO] 22:48:13:869 TP0/(43023:43023): Soy un Log
[INFO] 22:48:35:465 TP0/(43065:43065): Soy un Log
[INFO] 22:48:35:465 TP0/(43065:43065): Soy un Log
[INFO] 22:49:42:483 TP0/(43144:43144): Soy un Log
[INFO] 22:49:42:483 TP0/(43144:43144): Soy un Log
[INFO] 22:50:08:815 TP0/(43186:43186): Soy un Log
[INFO] 22:50:36:289 TP0/(43221:43221): Soy un Log
[INFO] 22:50:44:742 TP0/(43237:43237): Soy un Log
[INFO] 22:51:20:851 TP0/(43282:43282): Soy un Log
[INFO] 22:53:06:976 TP0/(43331:43331): Soy un Log
[INFO] 22:53:06:977 TP0/(43331:43331): Soy un Log
[INFO] 22:54:06:913 TP0/(43391:43391): Soy un Log
[INFO] 22:54:09:738 TP0/(43391:43391): hola
[INFO] 22:54:11:274 TP0/(43391:43391): hola
[INFO] 22:59:51:531 TP0/(43755:43755): Soy un Log
[INFO] 22:59:51:531 TP0/(43755:43755): CLAVE
[INFO] 23:00:01:534 TP0/(43755:43755): hola
[INFO] 23:00:02:937 TP0/(43755:43755): hola
[INFO] 23:00:04:046 TP0/(43755:43755): hola
[INFO] 23:00:30:378 TP0/(43755:43755): KernelPanic!!!!
[INFO] 02:07:13:440 TP0/(2093:2093): Soy un Log
[INFO] 02:07:13:443 TP0/(2093:2093): CLAVE
[INFO] 02:07:17:910 TP0/(2093:2093): hol333
[INFO] 02:36:12:223 TP0/(2351:2351): Soy un Log
[INFO] 02:36:12:223 TP0/(2351:2351): CLAVE
[INFO] 02:36:23:016 TP0/(2351:2351): HOLA
[INFO] 02:36:27:380 TP0/(2351:2351): hola
[INFO] 02:36:34:124 TP0/(2351:2351): h0l4
[INFO] 02:36:40:826 TP0/(2351:2351): !!_hola
